<?xml version="1.0" encoding="UTF-8"?>
<!-- Generated by org.testng.reporters.JUnitReportReporter -->
<testsuite hostname="princeBasha" failures="0" tests="1" name="SeleniumBasics.AlertDemo" time="6.766" errors="0" timestamp="2022-11-13T12:15:51 IST" skipped="0">
  <testcase classname="SeleniumBasics.AlertDemo" name="alertWithTextbox" time="6.766"/>
  <system-out/>
</testsuite> <!-- SeleniumBasics.AlertDemo -->
