<?xml version="1.0" encoding="UTF-8"?>
<!-- Generated by org.testng.reporters.JUnitReportReporter -->
<testsuite hostname="princeBasha" failures="0" tests="1" name="SeleniumBasics.AutoIT" time="7.502" errors="0" timestamp="2022-11-19T12:22:37 IST" skipped="0">
  <testcase classname="SeleniumBasics.AutoIT" name="operation" time="7.502"/>
  <system-out/>
</testsuite> <!-- SeleniumBasics.AutoIT -->
