<?xml version="1.0" encoding="UTF-8"?>
<!-- Generated by org.testng.reporters.JUnitReportReporter -->
<testsuite hostname="princeBasha" failures="0" tests="1" name="SeleniumBasics.TestNgDemo" time="0.015" errors="0" timestamp="2022-10-27T19:31:34 IST" skipped="0">
  <testcase classname="SeleniumBasics.TestNgDemo" name="testMethod1" time="0.015"/>
  <system-out/>
</testsuite> <!-- SeleniumBasics.TestNgDemo -->
