<?xml version="1.0" encoding="UTF-8"?>
<!-- Generated by org.testng.reporters.JUnitReportReporter -->
<testsuite hostname="princeBasha" failures="0" tests="1" name="SeleniumBasics.MouseMoveDemo" time="10.871" errors="0" timestamp="2022-11-16T12:25:27 IST" skipped="0">
  <testcase classname="SeleniumBasics.MouseMoveDemo" name="operation" time="10.871"/>
  <system-out/>
</testsuite> <!-- SeleniumBasics.MouseMoveDemo -->
