<?xml version="1.0" encoding="UTF-8"?>
<!-- Generated by org.testng.reporters.JUnitReportReporter -->
<testsuite hostname="princeBasha" failures="0" tests="1" name="SeleniumBasics.DoubleClickDemo" time="0.352" errors="0" timestamp="2022-11-05T18:17:32 IST" skipped="0">
  <testcase classname="SeleniumBasics.DoubleClickDemo" name="operation" time="0.352"/>
  <system-out/>
</testsuite> <!-- SeleniumBasics.DoubleClickDemo -->
