<?xml version="1.0" encoding="UTF-8"?>
<!-- Generated by org.testng.reporters.JUnitReportReporter -->
<testsuite hostname="princeBasha" failures="0" tests="1" name="SeleniumBasics.ContextClickDemo" time="2.280" errors="0" timestamp="2022-11-03T17:07:33 IST" skipped="0">
  <testcase classname="SeleniumBasics.ContextClickDemo" name="operation" time="2.280"/>
  <system-out/>
</testsuite> <!-- SeleniumBasics.ContextClickDemo -->
