<?xml version="1.0" encoding="UTF-8"?>
<!-- Generated by org.testng.reporters.JUnitReportReporter -->
<testsuite hostname="princeBasha" failures="0" tests="1" name="SeleniumBasics.DragAndDropByDemo" time="0.542" errors="0" timestamp="2022-11-05T18:11:49 IST" skipped="0">
  <testcase classname="SeleniumBasics.DragAndDropByDemo" name="operation" time="0.542"/>
  <system-out/>
</testsuite> <!-- SeleniumBasics.DragAndDropByDemo -->
